  main.cpp
c:\users\juli\desktop\antsimcpluspluslearning-dev\main.cpp(55): warning C4305: "Initialisierung": Verkürzung von "double" in "float"
c:\users\juli\desktop\antsimcpluspluslearning-dev\main.cpp(56): warning C4305: "Initialisierung": Verkürzung von "double" in "float"
c:\users\juli\desktop\antsimcpluspluslearning-dev\main.cpp(295): error C2146: Syntaxfehler: Fehlendes ")" vor Bezeichner "or"
c:\users\juli\desktop\antsimcpluspluslearning-dev\main.cpp(295): error C2065: "or": nichtdeklarierter Bezeichner
c:\users\juli\desktop\antsimcpluspluslearning-dev\main.cpp(295): error C2146: Syntaxfehler: Fehlendes ";" vor Bezeichner "amounttobuy"
c:\users\juli\desktop\antsimcpluspluslearning-dev\main.cpp(295): error C2059: Syntaxfehler: ")"
c:\users\juli\desktop\antsimcpluspluslearning-dev\main.cpp(297): error C2059: Syntaxfehler: ";"
c:\users\juli\desktop\antsimcpluspluslearning-dev\main.cpp(302): error C2181: Ungültiges "else" ohne zugehöriges "if"
c:\users\juli\desktop\antsimcpluspluslearning-dev\main.cpp(315): error C2059: Syntaxfehler: "return"
c:\users\juli\desktop\antsimcpluspluslearning-dev\main.cpp(316): error C2059: Syntaxfehler: "}"
c:\users\juli\desktop\antsimcpluspluslearning-dev\main.cpp(316): error C2143: Syntaxfehler: Es fehlt ";" vor "}"
c:\users\juli\desktop\antsimcpluspluslearning-dev\main.cpp(319): error C2143: Syntaxfehler: Es fehlt ";" vor "{"
c:\users\juli\desktop\antsimcpluspluslearning-dev\main.cpp(319): error C2447: "{": Funktionsheader fehlt - Parameterliste im alten Stil?
c:\users\juli\desktop\antsimcpluspluslearning-dev\main.cpp(447): error C3861: "shop": Bezeichner wurde nicht gefunden.
c:\users\juli\desktop\antsimcpluspluslearning-dev\main.cpp(430): warning C4996: 'getch': The POSIX name for this item is deprecated. Instead, use the ISO C and C++ conformant name: _getch. See online help for details.
  c:\program files (x86)\windows kits\10\include\10.0.17763.0\ucrt\conio.h(453): note: Siehe Deklaration von "getch"
c:\users\juli\desktop\antsimcpluspluslearning-dev\main.cpp(463): warning C4244: "Argument": Konvertierung von "time_t" in "unsigned int", möglicher Datenverlust
c:\users\juli\desktop\antsimcpluspluslearning-dev\main.cpp(464): error C2131: Ausdruck wurde nicht zu einer Konstanten ausgewertet.
  c:\users\juli\desktop\antsimcpluspluslearning-dev\main.cpp(464): note: Fehler wurde durch Argumente ohne Konstante oder einen Verweis auf ein Symbol ohne Konstante verursacht
  c:\users\juli\desktop\antsimcpluspluslearning-dev\main.cpp(464): note: siehe Verwendung von "anz"
c:\users\juli\desktop\antsimcpluspluslearning-dev\main.cpp(465): error C2131: Ausdruck wurde nicht zu einer Konstanten ausgewertet.
  c:\users\juli\desktop\antsimcpluspluslearning-dev\main.cpp(465): note: Fehler wurde durch Argumente ohne Konstante oder einen Verweis auf ein Symbol ohne Konstante verursacht
  c:\users\juli\desktop\antsimcpluspluslearning-dev\main.cpp(465): note: siehe Verwendung von "anz"
c:\users\juli\desktop\antsimcpluspluslearning-dev\main.cpp(467): error C2131: Ausdruck wurde nicht zu einer Konstanten ausgewertet.
  c:\users\juli\desktop\antsimcpluspluslearning-dev\main.cpp(467): note: Fehler wurde durch Argumente ohne Konstante oder einen Verweis auf ein Symbol ohne Konstante verursacht
  c:\users\juli\desktop\antsimcpluspluslearning-dev\main.cpp(467): note: siehe Verwendung von "anz"
c:\users\juli\desktop\antsimcpluspluslearning-dev\main.cpp(472): error C3863: Der Arraytyp "char [anz]" kann nicht zugewiesen werden.
c:\users\juli\desktop\antsimcpluspluslearning-dev\main.cpp(473): error C3863: Der Arraytyp "int [anz]" kann nicht zugewiesen werden.
c:\users\juli\desktop\antsimcpluspluslearning-dev\main.cpp(474): error C3863: Der Arraytyp "int [anz]" kann nicht zugewiesen werden.
c:\users\juli\desktop\antsimcpluspluslearning-dev\main.cpp(593): warning C4996: 'fopen': This function or variable may be unsafe. Consider using fopen_s instead. To disable deprecation, use _CRT_SECURE_NO_WARNINGS. See online help for details.
  c:\program files (x86)\windows kits\10\include\10.0.17763.0\ucrt\stdio.h(208): note: Siehe Deklaration von "fopen"
c:\users\juli\desktop\antsimcpluspluslearning-dev\main.cpp(643): warning C4996: 'fopen': This function or variable may be unsafe. Consider using fopen_s instead. To disable deprecation, use _CRT_SECURE_NO_WARNINGS. See online help for details.
  c:\program files (x86)\windows kits\10\include\10.0.17763.0\ucrt\stdio.h(208): note: Siehe Deklaration von "fopen"
c:\users\juli\desktop\antsimcpluspluslearning-dev\main.cpp(676): warning C4996: 'fopen': This function or variable may be unsafe. Consider using fopen_s instead. To disable deprecation, use _CRT_SECURE_NO_WARNINGS. See online help for details.
  c:\program files (x86)\windows kits\10\include\10.0.17763.0\ucrt\stdio.h(208): note: Siehe Deklaration von "fopen"
c:\users\juli\desktop\antsimcpluspluslearning-dev\main.cpp(762): warning C4996: 'fopen': This function or variable may be unsafe. Consider using fopen_s instead. To disable deprecation, use _CRT_SECURE_NO_WARNINGS. See online help for details.
  c:\program files (x86)\windows kits\10\include\10.0.17763.0\ucrt\stdio.h(208): note: Siehe Deklaration von "fopen"
c:\users\juli\desktop\antsimcpluspluslearning-dev\main.cpp(894): warning C4996: 'getch': The POSIX name for this item is deprecated. Instead, use the ISO C and C++ conformant name: _getch. See online help for details.
  c:\program files (x86)\windows kits\10\include\10.0.17763.0\ucrt\conio.h(453): note: Siehe Deklaration von "getch"
